[0.828s] Invoking command in '/home/shen/autoware_tools/control': PYTHONPATH=/home/shen/autoware_tools/control/build/control/prefix_override:/home/shen/autoware_tools/control/install/control/lib/python3.10/site-packages:${PYTHONPATH} /usr/bin/python3 setup.py egg_info --egg-base build/control build --build-base /home/shen/autoware_tools/control/build/control/build install --record /home/shen/autoware_tools/control/build/control/install.log --single-version-externally-managed
[1.058s] running egg_info
[1.058s] creating build/control/control.egg-info
[1.058s] writing build/control/control.egg-info/PKG-INFO
[1.058s] writing dependency_links to build/control/control.egg-info/dependency_links.txt
[1.058s] writing entry points to build/control/control.egg-info/entry_points.txt
[1.058s] writing requirements to build/control/control.egg-info/requires.txt
[1.059s] writing top-level names to build/control/control.egg-info/top_level.txt
[1.059s] writing manifest file 'build/control/control.egg-info/SOURCES.txt'
[1.059s] reading manifest file 'build/control/control.egg-info/SOURCES.txt'
[1.060s] writing manifest file 'build/control/control.egg-info/SOURCES.txt'
[1.060s] running build
[1.060s] running build_py
[1.060s] creating /home/shen/autoware_tools/control/build/control/build
[1.060s] creating /home/shen/autoware_tools/control/build/control/build/lib
[1.060s] creating /home/shen/autoware_tools/control/build/control/build/lib/control
[1.060s] copying control/consistency_checker.py -> /home/shen/autoware_tools/control/build/control/build/lib/control
[1.060s] copying control/__init__.py -> /home/shen/autoware_tools/control/build/control/build/lib/control
[1.060s] running install
[1.068s] /usr/lib/python3/dist-packages/setuptools/command/install.py:34: SetuptoolsDeprecationWarning: setup.py install is deprecated. Use build and pip and other standards-based tools.
[1.068s]   warnings.warn(
[1.069s] running install_lib
[1.069s] creating /home/shen/autoware_tools/control/install/control/lib/python3.10/site-packages/control
[1.069s] copying /home/shen/autoware_tools/control/build/control/build/lib/control/consistency_checker.py -> /home/shen/autoware_tools/control/install/control/lib/python3.10/site-packages/control
[1.069s] copying /home/shen/autoware_tools/control/build/control/build/lib/control/__init__.py -> /home/shen/autoware_tools/control/install/control/lib/python3.10/site-packages/control
[1.070s] byte-compiling /home/shen/autoware_tools/control/install/control/lib/python3.10/site-packages/control/consistency_checker.py to consistency_checker.cpython-310.pyc
[1.070s] byte-compiling /home/shen/autoware_tools/control/install/control/lib/python3.10/site-packages/control/__init__.py to __init__.cpython-310.pyc
[1.070s] running install_data
[1.070s] creating /home/shen/autoware_tools/control/install/control/share/ament_index
[1.070s] creating /home/shen/autoware_tools/control/install/control/share/ament_index/resource_index
[1.070s] creating /home/shen/autoware_tools/control/install/control/share/ament_index/resource_index/packages
[1.070s] copying resource/control -> /home/shen/autoware_tools/control/install/control/share/ament_index/resource_index/packages
[1.070s] copying package.xml -> /home/shen/autoware_tools/control/install/control/share/control
[1.071s] running install_egg_info
[1.072s] Copying build/control/control.egg-info to /home/shen/autoware_tools/control/install/control/lib/python3.10/site-packages/control-0.0.1-py3.10.egg-info
[1.072s] running install_scripts
[1.096s] Installing consistency_checker script to /home/shen/autoware_tools/control/install/control/lib/control
[1.096s] writing list of installed files to '/home/shen/autoware_tools/control/build/control/install.log'
[1.109s] Invoked command in '/home/shen/autoware_tools/control' returned '0': PYTHONPATH=/home/shen/autoware_tools/control/build/control/prefix_override:/home/shen/autoware_tools/control/install/control/lib/python3.10/site-packages:${PYTHONPATH} /usr/bin/python3 setup.py egg_info --egg-base build/control build --build-base /home/shen/autoware_tools/control/build/control/build install --record /home/shen/autoware_tools/control/build/control/install.log --single-version-externally-managed
