[1.269s] DEBUG:colcon:Command line arguments: ['/usr/bin/colcon', 'build']
[1.269s] DEBUG:colcon:Parsed command line arguments: Namespace(log_base=None, log_level=None, verb_name='build', build_base='build', install_base='install', merge_install=False, symlink_install=False, test_result_base=None, continue_on_error=False, executor='parallel', parallel_workers=32, event_handlers=None, ignore_user_meta=False, metas=['./colcon.meta'], base_paths=['.'], packages_ignore=None, packages_ignore_regex=None, paths=None, packages_up_to=None, packages_up_to_regex=None, packages_above=None, packages_above_and_dependencies=None, packages_above_depth=None, packages_select_by_dep=None, packages_skip_by_dep=None, packages_skip_up_to=None, packages_select_build_failed=False, packages_skip_build_finished=False, packages_select_test_failures=False, packages_skip_test_passed=False, packages_select=None, packages_skip=None, packages_select_regex=None, packages_skip_regex=None, packages_start=None, packages_end=None, allow_overriding=[], cmake_args=None, cmake_target=None, cmake_target_skip_unavailable=False, cmake_clean_cache=False, cmake_clean_first=False, cmake_force_configure=False, ament_cmake_args=None, catkin_cmake_args=None, catkin_skip_building_tests=False, mixin_files=None, mixin=None, verb_parser=<colcon_mixin.mixin.mixin_argument.MixinArgumentDecorator object at 0x78bea7c6b400>, verb_extension=<colcon_core.verb.build.BuildVerb object at 0x78bea7c35570>, main=<bound method BuildVerb.main of <colcon_core.verb.build.BuildVerb object at 0x78bea7c35570>>, mixin_verb=('build',))
[1.305s] Level 1:colcon.colcon_core.package_discovery:discover_packages(colcon_meta) check parameters
[1.305s] Level 1:colcon.colcon_core.package_discovery:discover_packages(recursive) check parameters
[1.305s] Level 1:colcon.colcon_core.package_discovery:discover_packages(ignore) check parameters
[1.305s] Level 1:colcon.colcon_core.package_discovery:discover_packages(path) check parameters
[1.305s] Level 1:colcon.colcon_core.package_discovery:discover_packages(colcon_meta) discover
[1.305s] Level 1:colcon.colcon_core.package_discovery:discover_packages(recursive) discover
[1.305s] INFO:colcon.colcon_core.package_discovery:Crawling recursively for packages in '/home/shen/autoware_tools/control'
[1.305s] Level 1:colcon.colcon_core.package_identification:_identify(.) by extensions ['ignore', 'ignore_ament_install']
[1.305s] Level 1:colcon.colcon_core.package_identification:_identify(.) by extension 'ignore'
[1.305s] Level 1:colcon.colcon_core.package_identification:_identify(.) by extension 'ignore_ament_install'
[1.305s] Level 1:colcon.colcon_core.package_identification:_identify(.) by extensions ['colcon_pkg']
[1.305s] Level 1:colcon.colcon_core.package_identification:_identify(.) by extension 'colcon_pkg'
[1.305s] Level 1:colcon.colcon_core.package_identification:_identify(.) by extensions ['colcon_meta']
[1.305s] Level 1:colcon.colcon_core.package_identification:_identify(.) by extension 'colcon_meta'
[1.305s] Level 1:colcon.colcon_core.package_identification:_identify(.) by extensions ['ros']
[1.306s] Level 1:colcon.colcon_core.package_identification:_identify(.) by extension 'ros'
[1.317s] DEBUG:colcon.colcon_core.package_identification:Package '.' with type 'ros.ament_python' and name 'control'
[1.317s] Level 1:colcon.colcon_core.package_discovery:discover_packages(recursive) using defaults
[1.317s] Level 1:colcon.colcon_core.package_discovery:discover_packages(ignore) discover
[1.317s] Level 1:colcon.colcon_core.package_discovery:discover_packages(ignore) using defaults
[1.317s] Level 1:colcon.colcon_core.package_discovery:discover_packages(path) discover
[1.317s] Level 1:colcon.colcon_core.package_discovery:discover_packages(path) using defaults
[1.455s] Level 1:colcon.colcon_core.package_discovery:discover_packages(prefix_path) check parameters
[1.455s] Level 1:colcon.colcon_core.package_discovery:discover_packages(prefix_path) discover
[1.490s] DEBUG:colcon.colcon_installed_package_information.package_discovery:Found 365 installed packages in /home/shen/autoware/install
[1.499s] DEBUG:colcon.colcon_installed_package_information.package_discovery:Found 1 installed packages in /home/shen/autoware_tools/control/install
[1.511s] DEBUG:colcon.colcon_installed_package_information.package_discovery:Found 336 installed packages in /home/shen/pilot-auto.x2/install
[1.527s] DEBUG:colcon.colcon_installed_package_information.package_discovery:Found 364 installed packages in /opt/ros/humble
[1.528s] Level 1:colcon.colcon_core.package_discovery:discover_packages(prefix_path) using defaults
[1.623s] Level 5:colcon.colcon_core.verb:set package 'control' build argument 'cmake_args' from command line to 'None'
[1.623s] Level 5:colcon.colcon_core.verb:set package 'control' build argument 'cmake_target' from command line to 'None'
[1.623s] Level 5:colcon.colcon_core.verb:set package 'control' build argument 'cmake_target_skip_unavailable' from command line to 'False'
[1.623s] Level 5:colcon.colcon_core.verb:set package 'control' build argument 'cmake_clean_cache' from command line to 'False'
[1.623s] Level 5:colcon.colcon_core.verb:set package 'control' build argument 'cmake_clean_first' from command line to 'False'
[1.623s] Level 5:colcon.colcon_core.verb:set package 'control' build argument 'cmake_force_configure' from command line to 'False'
[1.623s] Level 5:colcon.colcon_core.verb:set package 'control' build argument 'ament_cmake_args' from command line to 'None'
[1.623s] Level 5:colcon.colcon_core.verb:set package 'control' build argument 'catkin_cmake_args' from command line to 'None'
[1.623s] Level 5:colcon.colcon_core.verb:set package 'control' build argument 'catkin_skip_building_tests' from command line to 'False'
[1.623s] DEBUG:colcon.colcon_core.verb:Building package 'control' with the following arguments: {'ament_cmake_args': None, 'build_base': '/home/shen/autoware_tools/control/build/control', 'catkin_cmake_args': None, 'catkin_skip_building_tests': False, 'cmake_args': None, 'cmake_clean_cache': False, 'cmake_clean_first': False, 'cmake_force_configure': False, 'cmake_target': None, 'cmake_target_skip_unavailable': False, 'install_base': '/home/shen/autoware_tools/control/install/control', 'merge_install': False, 'path': '/home/shen/autoware_tools/control', 'symlink_install': False, 'test_result_base': None}
[1.634s] INFO:colcon.colcon_core.executor:Executing jobs using 'parallel' executor
[1.669s] DEBUG:colcon.colcon_parallel_executor.executor.parallel:run_until_complete
[1.669s] INFO:colcon.colcon_ros.task.ament_python.build:Building ROS package in '/home/shen/autoware_tools/control' with build type 'ament_python'
[1.670s] Level 1:colcon.colcon_core.shell:create_environment_hook('control', 'ament_prefix_path')
[1.714s] INFO:colcon.colcon_core.plugin_system:Skipping extension 'colcon_core.shell.bat': Not used on non-Windows systems
[1.715s] INFO:colcon.colcon_core.shell:Creating environment hook '/home/shen/autoware_tools/control/install/control/share/control/hook/ament_prefix_path.ps1'
[1.715s] INFO:colcon.colcon_core.shell:Creating environment descriptor '/home/shen/autoware_tools/control/install/control/share/control/hook/ament_prefix_path.dsv'
[1.716s] INFO:colcon.colcon_core.shell:Creating environment hook '/home/shen/autoware_tools/control/install/control/share/control/hook/ament_prefix_path.sh'
[1.731s] INFO:colcon.colcon_core.shell:Skip shell extension 'powershell' for command environment: Not usable outside of PowerShell
[1.731s] DEBUG:colcon.colcon_core.shell:Skip shell extension 'dsv' for command environment
[2.121s] INFO:colcon.colcon_core.task.python.build:Building Python package in '/home/shen/autoware_tools/control'
[2.132s] INFO:colcon.colcon_core.shell:Skip shell extension 'powershell' for command environment: Not usable outside of PowerShell
[2.132s] DEBUG:colcon.colcon_core.shell:Skip shell extension 'dsv' for command environment
[2.736s] DEBUG:colcon.colcon_core.event_handler.log_command:Invoking command in '/home/shen/autoware_tools/control': PYTHONPATH=/home/shen/autoware_tools/control/build/control/prefix_override:/home/shen/autoware_tools/control/install/control/lib/python3.10/site-packages:${PYTHONPATH} /usr/bin/python3 setup.py egg_info --egg-base build/control build --build-base /home/shen/autoware_tools/control/build/control/build install --record /home/shen/autoware_tools/control/build/control/install.log --single-version-externally-managed
[2.998s] DEBUG:colcon.colcon_core.event_handler.log_command:Invoked command in '/home/shen/autoware_tools/control' returned '0': PYTHONPATH=/home/shen/autoware_tools/control/build/control/prefix_override:/home/shen/autoware_tools/control/install/control/lib/python3.10/site-packages:${PYTHONPATH} /usr/bin/python3 setup.py egg_info --egg-base build/control build --build-base /home/shen/autoware_tools/control/build/control/build install --record /home/shen/autoware_tools/control/build/control/install.log --single-version-externally-managed
[3.028s] Level 1:colcon.colcon_core.environment:checking '/home/shen/autoware_tools/control/install/control' for CMake module files
[3.029s] Level 1:colcon.colcon_core.environment:checking '/home/shen/autoware_tools/control/install/control' for CMake config files
[3.030s] Level 1:colcon.colcon_core.environment:checking '/home/shen/autoware_tools/control/install/control/lib'
[3.030s] Level 1:colcon.colcon_core.environment:checking '/home/shen/autoware_tools/control/install/control/bin'
[3.030s] Level 1:colcon.colcon_core.environment:checking '/home/shen/autoware_tools/control/install/control/lib/pkgconfig/control.pc'
[3.030s] Level 1:colcon.colcon_core.environment:checking '/home/shen/autoware_tools/control/install/control/lib/python3.10/site-packages'
[3.031s] Level 1:colcon.colcon_core.shell:create_environment_hook('control', 'pythonpath')
[3.063s] INFO:colcon.colcon_core.shell:Creating environment hook '/home/shen/autoware_tools/control/install/control/share/control/hook/pythonpath.ps1'
[3.064s] INFO:colcon.colcon_core.shell:Creating environment descriptor '/home/shen/autoware_tools/control/install/control/share/control/hook/pythonpath.dsv'
[3.064s] INFO:colcon.colcon_core.shell:Creating environment hook '/home/shen/autoware_tools/control/install/control/share/control/hook/pythonpath.sh'
[3.065s] Level 1:colcon.colcon_core.environment:checking '/home/shen/autoware_tools/control/install/control/bin'
[3.065s] Level 1:colcon.colcon_core.environment:create_environment_scripts_only(control)
[3.109s] INFO:colcon.colcon_core.shell:Creating package script '/home/shen/autoware_tools/control/install/control/share/control/package.ps1'
[3.110s] INFO:colcon.colcon_core.shell:Creating package descriptor '/home/shen/autoware_tools/control/install/control/share/control/package.dsv'
[3.111s] INFO:colcon.colcon_core.shell:Creating package script '/home/shen/autoware_tools/control/install/control/share/control/package.sh'
[3.112s] INFO:colcon.colcon_core.shell:Creating package script '/home/shen/autoware_tools/control/install/control/share/control/package.bash'
[3.113s] INFO:colcon.colcon_core.shell:Creating package script '/home/shen/autoware_tools/control/install/control/share/control/package.zsh'
[3.113s] Level 1:colcon.colcon_core.environment:create_file_with_runtime_dependencies(/home/shen/autoware_tools/control/install/control/share/colcon-core/packages/control)
[3.113s] DEBUG:colcon.colcon_parallel_executor.executor.parallel:closing loop
[3.114s] DEBUG:colcon.colcon_parallel_executor.executor.parallel:loop closed
[3.114s] DEBUG:colcon.colcon_parallel_executor.executor.parallel:run_until_complete finished with '0'
[3.114s] DEBUG:colcon.colcon_core.event_reactor:joining thread
[3.154s] INFO:colcon.colcon_core.plugin_system:Skipping extension 'colcon_notification.desktop_notification.terminal_notifier': Not used on non-Darwin systems
[3.154s] INFO:colcon.colcon_core.plugin_system:Skipping extension 'colcon_notification.desktop_notification.win32': Not used on non-Windows systems
[3.154s] INFO:colcon.colcon_notification.desktop_notification:Sending desktop notification using 'notify2'
[3.162s] DEBUG:colcon.colcon_core.event_reactor:joined thread
[3.173s] INFO:colcon.colcon_core.shell:Creating prefix script '/home/shen/autoware_tools/control/install/local_setup.ps1'
[3.176s] INFO:colcon.colcon_core.shell:Creating prefix util module '/home/shen/autoware_tools/control/install/_local_setup_util_ps1.py'
[3.179s] INFO:colcon.colcon_core.shell:Creating prefix chain script '/home/shen/autoware_tools/control/install/setup.ps1'
[3.207s] INFO:colcon.colcon_core.shell:Creating prefix script '/home/shen/autoware_tools/control/install/local_setup.sh'
[3.207s] INFO:colcon.colcon_core.shell:Creating prefix util module '/home/shen/autoware_tools/control/install/_local_setup_util_sh.py'
[3.207s] INFO:colcon.colcon_core.shell:Creating prefix chain script '/home/shen/autoware_tools/control/install/setup.sh'
[3.225s] INFO:colcon.colcon_core.shell:Creating prefix script '/home/shen/autoware_tools/control/install/local_setup.bash'
[3.226s] INFO:colcon.colcon_core.shell:Creating prefix chain script '/home/shen/autoware_tools/control/install/setup.bash'
[3.247s] INFO:colcon.colcon_core.shell:Creating prefix script '/home/shen/autoware_tools/control/install/local_setup.zsh'
[3.247s] INFO:colcon.colcon_core.shell:Creating prefix chain script '/home/shen/autoware_tools/control/install/setup.zsh'
